# JRE version: Java(TM) SE Runtime Environment (8.0_112-b15) (build 1.8.0_112-b15)
# Java VM: Java HotSpot(TM) 64-Bit Server VM (25.112-b15 mixed mode windows-amd64 compressed oops)
Heap:
 PSYoungGen      total 57344K, used 44556K [0x00000007bc400000, 0x00000007c0000000, 0x00000007c0000000)
  eden space 52736K, 80% used [0x00000007bc400000,0x00000007bed9b250,0x00000007bf780000)
  from space 4608K, 42% used [0x00000007bfb80000,0x00000007bfd68000,0x00000007c0000000)
  to   space 4096K, 0% used [0x00000007bf780000,0x00000007bf780000,0x00000007bfb80000)
 ParOldGen       total 357888K, used 311437K [0x0000000700000000, 0x0000000715d80000, 0x00000007bc400000)
  object space 357888K, 87% used [0x0000000700000000,0x00000007130234c8,0x0000000715d80000)
 Metaspace       used 106912K, capacity 108088K, committed 108928K, reserved 1140736K
  class space    used 17042K, capacity 17244K, committed 17280K, reserved 1048576K
GC Heap History (10 events):
Event: 9605.240 GC heap before
{Heap before GC invocations=1687 (full 43):
 PSYoungGen      total 56320K, used 51904K [0x00000007bc400000, 0x00000007c0000000, 0x00000007c0000000)
  eden space 51200K, 100% used [0x00000007bc400000,0x00000007bf600000,0x00000007bf600000)
  from space 5120K, 13% used [0x00000007bf600000,0x00000007bf6b0000,0x00000007bfb00000)
  to   space 5120K, 0% used [0x00000007bfb00000,0x00000007bfb00000,0x00000007c0000000)
 ParOldGen       total 357888K, used 311362K [0x0000000700000000, 0x0000000715d80000, 0x00000007bc400000)
  object space 357888K, 87% used [0x0000000700000000,0x0000000713010b10,0x0000000715d80000)
 Metaspace       used 106898K, capacity 108024K, committed 108672K, reserved 1140736K
  class space    used 17041K, capacity 17244K, committed 17280K, reserved 1048576K
Event: 9605.244 GC heap after
Heap after GC invocations=1687 (full 43):
 PSYoungGen      total 56320K, used 704K [0x00000007bc400000, 0x00000007c0000000, 0x00000007c0000000)
  eden space 51200K, 0% used [0x00000007bc400000,0x00000007bc400000,0x00000007bf600000)
  from space 5120K, 13% used [0x00000007bfb00000,0x00000007bfbb0000,0x00000007c0000000)
  to   space 5120K, 0% used [0x00000007bf600000,0x00000007bf600000,0x00000007bfb00000)
 ParOldGen       total 357888K, used 311362K [0x0000000700000000, 0x0000000715d80000, 0x00000007bc400000)
  object space 357888K, 87% used [0x0000000700000000,0x0000000713010b10,0x0000000715d80000)
 Metaspace       used 106898K, capacity 108024K, committed 108672K, reserved 1140736K
  class space    used 17041K, capacity 17244K, committed 17280K, reserved 1048576K
}
Event: 9607.185 GC heap before
{Heap before GC invocations=1688 (full 43):
 PSYoungGen      total 56320K, used 51904K [0x00000007bc400000, 0x00000007c0000000, 0x00000007c0000000)
  eden space 51200K, 100% used [0x00000007bc400000,0x00000007bf600000,0x00000007bf600000)
  from space 5120K, 13% used [0x00000007bfb00000,0x00000007bfbb0000,0x00000007c0000000)
  to   space 5120K, 0% used [0x00000007bf600000,0x00000007bf600000,0x00000007bfb00000)
 ParOldGen       total 357888K, used 311365K [0x0000000700000000, 0x0000000715d80000, 0x00000007bc400000)
  object space 357888K, 87% used [0x0000000700000000,0x00000007130114c8,0x0000000715d80000)
 Metaspace       used 106898K, capacity 108024K, committed 108672K, reserved 1140736K
  class space    used 17041K, capacity 17244K, committed 17280K, reserved 1048576K
Event: 9607.189 GC heap after
Heap after GC invocations=1688 (full 43):
 PSYoungGen      total 56320K, used 1344K [0x00000007bc400000, 0x00000007c0000000, 0x00000007c0000000)
  eden space 51200K, 0% used [0x00000007bc400000,0x00000007bc400000,0x00000007bf600000)
  from space 5120K, 26% used [0x00000007bf600000,0x00000007bf750000,0x00000007bfb00000)
  to   space 4608K, 0% used [0x00000007bfb80000,0x00000007bfb80000,0x00000007c0000000)
 ParOldGen       total 357888K, used 311365K [0x0000000700000000, 0x0000000715d80000, 0x00000007bc400000)
  object space 357888K, 87% used [0x0000000700000000,0x00000007130114c8,0x0000000715d80000)
 Metaspace       used 106898K, capacity 108024K, committed 108672K, reserved 1140736K
  class space    used 17041K, capacity 17244K, committed 17280K, reserved 1048576K
}
Event: 9607.439 GC heap before
{Heap before GC invocations=1689 (full 43):
 PSYoungGen      total 56320K, used 52544K [0x00000007bc400000, 0x00000007c0000000, 0x00000007c0000000)
  eden space 51200K, 100% used [0x00000007bc400000,0x00000007bf600000,0x00000007bf600000)
  from space 5120K, 26% used [0x00000007bf600000,0x00000007bf750000,0x00000007bfb00000)
  to   space 4608K, 0% used [0x00000007bfb80000,0x00000007bfb80000,0x00000007c0000000)
 ParOldGen       total 357888K, used 311365K [0x0000000700000000, 0x0000000715d80000, 0x00000007bc400000)
  object space 357888K, 87% used [0x0000000700000000,0x00000007130114c8,0x0000000715d80000)
 Metaspace       used 106898K, capacity 108024K, committed 108672K, reserved 1140736K
  class space    used 17041K, capacity 17244K, committed 17280K, reserved 1048576K
Event: 9607.443 GC heap after
Heap after GC invocations=1689 (full 43):
 PSYoungGen      total 56832K, used 1120K [0x00000007bc400000, 0x00000007c0000000, 0x00000007c0000000)
  eden space 52224K, 0% used [0x00000007bc400000,0x00000007bc400000,0x00000007bf700000)
  from space 4608K, 24% used [0x00000007bfb80000,0x00000007bfc98000,0x00000007c0000000)
  to   space 4608K, 0% used [0x00000007bf700000,0x00000007bf700000,0x00000007bfb80000)
 ParOldGen       total 357888K, used 311437K [0x0000000700000000, 0x0000000715d80000, 0x00000007bc400000)
  object space 357888K, 87% used [0x0000000700000000,0x00000007130234c8,0x0000000715d80000)
 Metaspace       used 106898K, capacity 108024K, committed 108672K, reserved 1140736K
  class space    used 17041K, capacity 17244K, committed 17280K, reserved 1048576K
}
Event: 9607.672 GC heap before
{Heap before GC invocations=1690 (full 43):
 PSYoungGen      total 56832K, used 53344K [0x00000007bc400000, 0x00000007c0000000, 0x00000007c0000000)
  eden space 52224K, 100% used [0x00000007bc400000,0x00000007bf700000,0x00000007bf700000)
  from space 4608K, 24% used [0x00000007bfb80000,0x00000007bfc98000,0x00000007c0000000)
  to   space 4608K, 0% used [0x00000007bf700000,0x00000007bf700000,0x00000007bfb80000)
 ParOldGen       total 357888K, used 311437K [0x0000000700000000, 0x0000000715d80000, 0x00000007bc400000)
  object space 357888K, 87% used [0x0000000700000000,0x00000007130234c8,0x0000000715d80000)
 Metaspace       used 106898K, capacity 108024K, committed 108672K, reserved 1140736K
  class space    used 17041K, capacity 17244K, committed 17280K, reserved 1048576K
Event: 9607.676 GC heap after
Heap after GC invocations=1690 (full 43):
 PSYoungGen      total 56832K, used 1248K [0x00000007bc400000, 0x00000007c0000000, 0x00000007c0000000)
  eden space 52224K, 0% used [0x00000007bc400000,0x00000007bc400000,0x00000007bf700000)
  from space 4608K, 27% used [0x00000007bf700000,0x00000007bf838000,0x00000007bfb80000)
  to   space 4608K, 0% used [0x00000007bfb80000,0x00000007bfb80000,0x00000007c0000000)
 ParOldGen       total 357888K, used 311437K [0x0000000700000000, 0x0000000715d80000, 0x00000007bc400000)
  object space 357888K, 87% used [0x0000000700000000,0x00000007130234c8,0x0000000715d80000)
 Metaspace       used 106898K, capacity 108024K, committed 108672K, reserved 1140736K
  class space    used 17041K, capacity 17244K, committed 17280K, reserved 1048576K
}
Event: 9614.548 GC heap before
{Heap before GC invocations=1691 (full 43):
 PSYoungGen      total 56832K, used 53472K [0x00000007bc400000, 0x00000007c0000000, 0x00000007c0000000)
  eden space 52224K, 100% used [0x00000007bc400000,0x00000007bf700000,0x00000007bf700000)
  from space 4608K, 27% used [0x00000007bf700000,0x00000007bf838000,0x00000007bfb80000)
  to   space 4608K, 0% used [0x00000007bfb80000,0x00000007bfb80000,0x00000007c0000000)
 ParOldGen       total 357888K, used 311437K [0x0000000700000000, 0x0000000715d80000, 0x00000007bc400000)
  object space 357888K, 87% used [0x0000000700000000,0x00000007130234c8,0x0000000715d80000)
 Metaspace       used 106901K, capacity 108024K, committed 108672K, reserved 1140736K
  class space    used 17041K, capacity 17244K, committed 17280K, reserved 1048576K
Event: 9614.552 GC heap after
Heap after GC invocations=1691 (full 43):
 PSYoungGen      total 57344K, used 1952K [0x00000007bc400000, 0x00000007c0000000, 0x00000007c0000000)
  eden space 52736K, 0% used [0x00000007bc400000,0x00000007bc400000,0x00000007bf780000)
  from space 4608K, 42% used [0x00000007bfb80000,0x00000007bfd68000,0x00000007c0000000)
  to   space 4096K, 0% used [0x00000007bf780000,0x00000007bf780000,0x00000007bfb80000)
 ParOldGen       total 357888K, used 311437K [0x0000000700000000, 0x0000000715d80000, 0x00000007bc400000)
  object space 357888K, 87% used [0x0000000700000000,0x00000007130234c8,0x0000000715d80000)
 Metaspace       used 106901K, capacity 108024K, committed 108672K, reserved 1140736K
  class space    used 17041K, capacity 17244K, committed 17280K, reserved 1048576K
}

